<?xml version="1.0" encoding="UTF-8"?>
<testng-results ignored="0" total="3" passed="3" failed="0" skipped="0">
  <reporter-output>
  </reporter-output>
  <suite started-at="2022-10-14T10:15:11 IST" name="Loan Department " finished-at="2022-10-14T10:15:11 IST" duration-ms="70">
    <groups>
    </groups>
    <test started-at="2022-10-14T10:15:11 IST" name="Personal Loan " finished-at="2022-10-14T10:15:11 IST" duration-ms="70">
      <class name="test.day2">
        <test-method signature="Demo()[pri:0, instance:test.day2@5276e6b0]" started-at="2022-10-14T10:15:11 IST" name="Demo" finished-at="2022-10-14T10:15:11 IST" duration-ms="3" status="PASS">
          <reporter-output>
          </reporter-output>
        </test-method> <!-- Demo -->
        <test-method signature="Demo1()[pri:0, instance:test.day2@5276e6b0]" started-at="2022-10-14T10:15:11 IST" name="Demo1" finished-at="2022-10-14T10:15:11 IST" duration-ms="2" status="PASS">
          <reporter-output>
          </reporter-output>
        </test-method> <!-- Demo1 -->
      </class> <!-- test.day2 -->
      <class name="test.day1">
        <test-method signature="Demo()[pri:0, instance:test.day1@56a6d5a6]" started-at="2022-10-14T10:15:11 IST" name="Demo" finished-at="2022-10-14T10:15:11 IST" duration-ms="9" status="PASS">
          <reporter-output>
          </reporter-output>
        </test-method> <!-- Demo -->
      </class> <!-- test.day1 -->
    </test> <!-- Personal Loan  -->
  </suite> <!-- Loan Department  -->
</testng-results>
