<?xml version="1.0" encoding="UTF-8"?>
<testng-results ignored="0" total="1" passed="1" failed="0" skipped="0">
  <reporter-output>
  </reporter-output>
  <suite started-at="2022-09-12T23:09:24 IST" name="Default suite" finished-at="2022-09-12T23:09:25 IST" duration-ms="48">
    <groups>
    </groups>
    <test started-at="2022-09-12T23:09:24 IST" name="Default test" finished-at="2022-09-12T23:09:25 IST" duration-ms="48">
      <class name="test1">
        <test-method signature="streamCollect()[pri:0, instance:test1@45b9a632]" started-at="2022-09-12T23:09:25 IST" name="streamCollect" finished-at="2022-09-12T23:09:25 IST" duration-ms="11" status="PASS">
          <reporter-output>
          </reporter-output>
        </test-method> <!-- streamCollect -->
      </class> <!-- test1 -->
    </test> <!-- Default test -->
  </suite> <!-- Default suite -->
</testng-results>
