<?xml version="1.0" encoding="UTF-8"?>
<testng-results ignored="0" total="1" passed="1" failed="0" skipped="0">
  <reporter-output>
  </reporter-output>
  <suite started-at="2022-10-15T22:47:59 IST" name="Default suite" finished-at="2022-10-15T22:48:05 IST" duration-ms="6621">
    <groups>
    </groups>
    <test started-at="2022-10-15T22:47:59 IST" name="Default test" finished-at="2022-10-15T22:48:05 IST" duration-ms="6621">
      <class name="tcs.ExtentReport.ExtentReportDemo">
        <test-method is-config="true" signature="config()[pri:0, instance:tcs.ExtentReport.ExtentReportDemo@223191a6]" started-at="2022-10-15T22:47:59 IST" name="config" finished-at="2022-10-15T22:47:59 IST" duration-ms="256" status="PASS">
          <reporter-output>
          </reporter-output>
        </test-method> <!-- config -->
        <test-method signature="initialDemo()[pri:0, instance:tcs.ExtentReport.ExtentReportDemo@223191a6]" started-at="2022-10-15T22:47:59 IST" name="initialDemo" finished-at="2022-10-15T22:48:05 IST" duration-ms="6318" status="PASS">
          <reporter-output>
          </reporter-output>
        </test-method> <!-- initialDemo -->
      </class> <!-- tcs.ExtentReport.ExtentReportDemo -->
    </test> <!-- Default test -->
  </suite> <!-- Default suite -->
</testng-results>
